2026-05-22 22:40:47,739 - data_health - INFO - 
============================== TRAIN DATA HEALTH REPORT ==============================
Dimensions:     120000 rows, 3 columns
Columns:        ['Class Index', 'Title', 'Description']
Duplicate Rows: 0

[ MISSING VALUES ]
Class Index    0
Title          0
Description    0

[ CLASS DISTRIBUTION (Class Index) ]
Class Index
3    30000
4    30000
2    30000
1    30000

[ DATA PREVIEW (FIRST 5 ROWS) ]
   Class Index                                                                      Title                                                                                                                                                                                                             Description
0            3                          Wall St. Bears Claw Back Into the Black (Reuters)                                                                                                                          Reuters - Short-sellers, Wall Street's dwindling\band of ultra-cynics, are seeing green again.
1            3                        Carlyle Looks Toward Commercial Aerospace (Reuters)  Reuters - Private investment firm Carlyle Group,\which has a reputation for making well-timed and occasionally\controversial plays in the defense industry, has quietly placed\its bets on another part of the market.
2            3                            Oil and Economy Cloud Stocks' Outlook (Reuters)                                Reuters - Soaring crude prices plus worries\about the economy and the outlook for earnings are expected to\hang over the stock market next week during the depth of the\summer doldrums.
3            3               Iraq Halts Oil Exports from Main Southern Pipeline (Reuters)                     Reuters - Authorities have halted oil export\flows from the main pipeline in southern Iraq after\intelligence showed a rebel militia could strike\infrastructure, an oil official said on Saturday.
4            3  Oil prices soar to all-time record, posing new menace to US economy (AFP)                                                        AFP - Tearaway world oil prices, toppling records and straining wallets, present a new economic menace barely three months before the US presidential elections.
================================================================================

2026-05-22 22:40:47,750 - data_health - INFO - 
============================== TEST DATA HEALTH REPORT ==============================
Dimensions:     7600 rows, 3 columns
Columns:        ['Class Index', 'Title', 'Description']
Duplicate Rows: 0

[ MISSING VALUES ]
Class Index    0
Title          0
Description    0

[ CLASS DISTRIBUTION (Class Index) ]
Class Index
3    1900
4    1900
2    1900
1    1900

[ DATA PREVIEW (FIRST 5 ROWS) ]
   Class Index                                                                                   Title                                                                                                                                                                                                                                                                       Description
0            3                                                       Fears for T N pension after talks                                                                                                                                                   Unions representing workers at Turner   Newall say they are 'disappointed' after talks with stricken parent firm Federal Mogul.
1            4  The Race is On: Second Private Team Sets Launch Date for Human Spaceflight (SPACE.com)                                        SPACE.com - TORONTO, Canada -- A second\team of rocketeers competing for the  #36;10 million Ansari X Prize, a contest for\privately funded suborbital space flight, has officially announced the first\launch date for its manned rocket.
2            4                                           Ky. Company Wins Grant to Study Peptides (AP)                                                            AP - A company founded by a chemistry researcher at the University of Louisville won a grant to develop a method of producing better peptides, which are short chains of amino acids, the building blocks of proteins.
3            4                                           Prediction Unit Helps Forecast Wildfires (AP)  AP - It's barely dawn when Mike Fitzpatrick starts his shift with a blur of colorful maps, figures and endless charts, but already he knows what the day will bring. Lightning will strike in places he expects. Winds will pick up, moist places will dry and flames will roar.
4            4                                             Calif. Aims to Limit Farm-Related Smog (AP)                                                                                               AP - Southern California's smog-fighting agency went after emissions of the bovine variety Friday, adopting the nation's first rules to reduce air pollution from dairy cow manure.
================================================================================

